2020-05-06 00:15:17.597  INFO 10068 --- [kafka-coordinator-heartbeat-thread | group5] o.a.k.c.c.internals.AbstractCoordinator  : [Consumer clientId=consumer-2, groupId=group5] Group coordinator 192.168.2.20:9092 (id: 2147483647 rack: null) is unavailable or invalid, will attempt rediscovery
2020-05-06 00:15:17.504  INFO 10068 --- [org.springframework.kafka.KafkaListenerEndpointContainer#0-0-C-1] o.a.kafka.clients.FetchSessionHandler    : [Consumer clientId=consumer-1, groupId=group5] Error sending fetch request (sessionId=679138929, epoch=11) to node 0: org.apache.kafka.common.errors.DisconnectException.
2020-05-06 00:15:17.596  INFO 10068 --- [org.springframework.kafka.KafkaListenerEndpointContainer#1-0-C-1] o.a.kafka.clients.FetchSessionHandler    : [Consumer clientId=consumer-2, groupId=group5] Error sending fetch request (sessionId=1291431342, epoch=17) to node 0: org.apache.kafka.common.errors.DisconnectException.
2020-05-06 00:15:17.552  INFO 10068 --- [kafka-coordinator-heartbeat-thread | group5] o.a.k.c.c.internals.AbstractCoordinator  : [Consumer clientId=consumer-1, groupId=group5] Group coordinator 192.168.2.20:9092 (id: 2147483647 rack: null) is unavailable or invalid, will attempt rediscovery
2020-05-06 00:15:20.353  INFO 10068 --- [org.springframework.kafka.KafkaListenerEndpointContainer#1-0-C-1] o.a.k.c.c.internals.AbstractCoordinator  : [Consumer clientId=consumer-2, groupId=group5] Discovered group coordinator 192.168.2.20:9092 (id: 2147483647 rack: null)
2020-05-06 00:15:20.464  INFO 10068 --- [org.springframework.kafka.KafkaListenerEndpointContainer#0-0-C-1] o.a.k.c.c.internals.AbstractCoordinator  : [Consumer clientId=consumer-1, groupId=group5] Discovered group coordinator 192.168.2.20:9092 (id: 2147483647 rack: null)
2020-05-06 00:15:20.989  INFO 10068 --- [org.springframework.kafka.KafkaListenerEndpointContainer#1-0-C-1] o.a.k.c.c.internals.AbstractCoordinator  : [Consumer clientId=consumer-2, groupId=group5] Attempt to heartbeat failed for since member id consumer-2-66aa619d-7090-41f1-bbf4-b79bf2cc3bc2 is not valid.
2020-05-06 00:15:20.990  INFO 10068 --- [org.springframework.kafka.KafkaListenerEndpointContainer#1-0-C-1] o.a.k.c.c.internals.ConsumerCoordinator  : [Consumer clientId=consumer-2, groupId=group5] Revoking previously assigned partitions [test4-0]
2020-05-06 00:15:20.990  INFO 10068 --- [org.springframework.kafka.KafkaListenerEndpointContainer#1-0-C-1] o.s.k.l.KafkaMessageListenerContainer    : group5: partitions revoked: [test4-0]
2020-05-06 00:15:20.990  INFO 10068 --- [org.springframework.kafka.KafkaListenerEndpointContainer#1-0-C-1] o.a.k.c.c.internals.AbstractCoordinator  : [Consumer clientId=consumer-2, groupId=group5] (Re-)joining group
2020-05-06 00:15:20.991  INFO 10068 --- [org.springframework.kafka.KafkaListenerEndpointContainer#0-0-C-1] o.a.k.c.c.internals.AbstractCoordinator  : [Consumer clientId=consumer-1, groupId=group5] Attempt to heartbeat failed for since member id consumer-1-c985dc19-652e-45dd-a0f6-e6989532e67f is not valid.
2020-05-06 00:15:20.993  INFO 10068 --- [org.springframework.kafka.KafkaListenerEndpointContainer#0-0-C-1] o.a.k.c.c.internals.ConsumerCoordinator  : [Consumer clientId=consumer-1, groupId=group5] Revoking previously assigned partitions [test5-0]
2020-05-06 00:15:20.993  INFO 10068 --- [org.springframework.kafka.KafkaListenerEndpointContainer#0-0-C-1] o.s.k.l.KafkaMessageListenerContainer    : group5: partitions revoked: [test5-0]
2020-05-06 00:15:20.993  INFO 10068 --- [org.springframework.kafka.KafkaListenerEndpointContainer#0-0-C-1] o.a.k.c.c.internals.AbstractCoordinator  : [Consumer clientId=consumer-1, groupId=group5] (Re-)joining group
2020-05-06 00:15:21.047  INFO 10068 --- [org.springframework.kafka.KafkaListenerEndpointContainer#1-0-C-1] o.a.k.c.c.internals.AbstractCoordinator  : [Consumer clientId=consumer-2, groupId=group5] (Re-)joining group
2020-05-06 00:15:21.048  INFO 10068 --- [org.springframework.kafka.KafkaListenerEndpointContainer#0-0-C-1] o.a.k.c.c.internals.AbstractCoordinator  : [Consumer clientId=consumer-1, groupId=group5] (Re-)joining group
2020-05-06 00:15:21.744  INFO 10068 --- [org.springframework.kafka.KafkaListenerEndpointContainer#1-0-C-1] o.a.k.c.c.internals.AbstractCoordinator  : [Consumer clientId=consumer-2, groupId=group5] Successfully joined group with generation 65
2020-05-06 00:15:21.744  INFO 10068 --- [org.springframework.kafka.KafkaListenerEndpointContainer#0-0-C-1] o.a.k.c.c.internals.AbstractCoordinator  : [Consumer clientId=consumer-1, groupId=group5] Successfully joined group with generation 65
2020-05-06 00:15:21.745  INFO 10068 --- [org.springframework.kafka.KafkaListenerEndpointContainer#1-0-C-1] o.a.k.c.c.internals.ConsumerCoordinator  : [Consumer clientId=consumer-2, groupId=group5] Setting newly assigned partitions: test4-0
2020-05-06 00:15:21.745  INFO 10068 --- [org.springframework.kafka.KafkaListenerEndpointContainer#0-0-C-1] o.a.k.c.c.internals.ConsumerCoordinator  : [Consumer clientId=consumer-1, groupId=group5] Setting newly assigned partitions: test5-0
2020-05-06 00:15:21.820  INFO 10068 --- [org.springframework.kafka.KafkaListenerEndpointContainer#1-0-C-1] o.a.k.c.c.internals.ConsumerCoordinator  : [Consumer clientId=consumer-2, groupId=group5] Setting offset for partition test4-0 to the committed offset FetchPosition{offset=1, offsetEpoch=Optional.empty, currentLeader=LeaderAndEpoch{leader=192.168.2.20:9092 (id: 0 rack: null), epoch=0}}
2020-05-06 00:15:21.820  INFO 10068 --- [org.springframework.kafka.KafkaListenerEndpointContainer#0-0-C-1] o.a.k.c.c.internals.ConsumerCoordinator  : [Consumer clientId=consumer-1, groupId=group5] Setting offset for partition test5-0 to the committed offset FetchPosition{offset=9, offsetEpoch=Optional.empty, currentLeader=LeaderAndEpoch{leader=192.168.2.20:9092 (id: 0 rack: null), epoch=0}}
2020-05-06 00:15:24.574  INFO 10068 --- [org.springframework.kafka.KafkaListenerEndpointContainer#1-0-C-1] o.s.k.l.KafkaMessageListenerContainer    : group5: partitions assigned: [test4-0]
2020-05-06 00:15:24.575  INFO 10068 --- [org.springframework.kafka.KafkaListenerEndpointContainer#0-0-C-1] o.s.k.l.KafkaMessageListenerContainer    : group5: partitions assigned: [test5-0]
2020-05-06 00:15:33.070  WARN 10068 --- [HikariPool-1 housekeeper] com.zaxxer.hikari.pool.HikariPool        : HikariPool-1 - Thread starvation or clock leap detected (housekeeper delta=57m6s882ms987µs400ns).
2020-05-06 00:24:21.872  INFO 10068 --- [org.springframework.kafka.KafkaListenerEndpointContainer#1-0-C-1] o.a.k.c.c.internals.AbstractCoordinator  : [Consumer clientId=consumer-2, groupId=group5] Attempt to heartbeat failed since group is rebalancing
2020-05-06 00:24:21.872  INFO 10068 --- [org.springframework.kafka.KafkaListenerEndpointContainer#0-0-C-1] o.a.k.c.c.internals.AbstractCoordinator  : [Consumer clientId=consumer-1, groupId=group5] Attempt to heartbeat failed since group is rebalancing
2020-05-06 00:24:21.872  INFO 10068 --- [org.springframework.kafka.KafkaListenerEndpointContainer#1-0-C-1] o.a.k.c.c.internals.ConsumerCoordinator  : [Consumer clientId=consumer-2, groupId=group5] Revoking previously assigned partitions [test4-0]
2020-05-06 00:24:21.872  INFO 10068 --- [org.springframework.kafka.KafkaListenerEndpointContainer#0-0-C-1] o.a.k.c.c.internals.ConsumerCoordinator  : [Consumer clientId=consumer-1, groupId=group5] Revoking previously assigned partitions [test5-0]
2020-05-06 00:24:21.872  INFO 10068 --- [org.springframework.kafka.KafkaListenerEndpointContainer#1-0-C-1] o.s.k.l.KafkaMessageListenerContainer    : group5: partitions revoked: [test4-0]
2020-05-06 00:24:21.872  INFO 10068 --- [org.springframework.kafka.KafkaListenerEndpointContainer#1-0-C-1] o.a.k.c.c.internals.AbstractCoordinator  : [Consumer clientId=consumer-2, groupId=group5] (Re-)joining group
2020-05-06 00:24:21.872  INFO 10068 --- [org.springframework.kafka.KafkaListenerEndpointContainer#0-0-C-1] o.s.k.l.KafkaMessageListenerContainer    : group5: partitions revoked: [test5-0]
2020-05-06 00:24:21.874  INFO 10068 --- [org.springframework.kafka.KafkaListenerEndpointContainer#0-0-C-1] o.a.k.c.c.internals.AbstractCoordinator  : [Consumer clientId=consumer-1, groupId=group5] (Re-)joining group
2020-05-06 00:24:21.892  INFO 10068 --- [org.springframework.kafka.KafkaListenerEndpointContainer#1-0-C-1] o.a.k.c.c.internals.AbstractCoordinator  : [Consumer clientId=consumer-2, groupId=group5] Successfully joined group with generation 66
2020-05-06 00:24:21.892  INFO 10068 --- [org.springframework.kafka.KafkaListenerEndpointContainer#0-0-C-1] o.a.k.c.c.internals.AbstractCoordinator  : [Consumer clientId=consumer-1, groupId=group5] Successfully joined group with generation 66
2020-05-06 00:24:21.893  INFO 10068 --- [org.springframework.kafka.KafkaListenerEndpointContainer#0-0-C-1] o.a.k.c.c.internals.ConsumerCoordinator  : [Consumer clientId=consumer-1, groupId=group5] Setting newly assigned partitions: 
2020-05-06 00:24:21.893  INFO 10068 --- [org.springframework.kafka.KafkaListenerEndpointContainer#1-0-C-1] o.a.k.c.c.internals.ConsumerCoordinator  : [Consumer clientId=consumer-2, groupId=group5] Setting newly assigned partitions: test4-0
2020-05-06 00:24:21.893  INFO 10068 --- [org.springframework.kafka.KafkaListenerEndpointContainer#0-0-C-1] o.s.k.l.KafkaMessageListenerContainer    : group5: partitions assigned: []
2020-05-06 00:24:21.896  INFO 10068 --- [org.springframework.kafka.KafkaListenerEndpointContainer#1-0-C-1] o.a.k.c.c.internals.ConsumerCoordinator  : [Consumer clientId=consumer-2, groupId=group5] Setting offset for partition test4-0 to the committed offset FetchPosition{offset=1, offsetEpoch=Optional.empty, currentLeader=LeaderAndEpoch{leader=192.168.2.20:9092 (id: 0 rack: null), epoch=0}}
2020-05-06 00:24:21.901  INFO 10068 --- [org.springframework.kafka.KafkaListenerEndpointContainer#1-0-C-1] o.s.k.l.KafkaMessageListenerContainer    : group5: partitions assigned: [test4-0]
2020-05-06 00:24:24.894  INFO 10068 --- [org.springframework.kafka.KafkaListenerEndpointContainer#1-0-C-1] o.a.k.c.c.internals.AbstractCoordinator  : [Consumer clientId=consumer-2, groupId=group5] Attempt to heartbeat failed since group is rebalancing
2020-05-06 00:24:24.894  INFO 10068 --- [org.springframework.kafka.KafkaListenerEndpointContainer#1-0-C-1] o.a.k.c.c.internals.ConsumerCoordinator  : [Consumer clientId=consumer-2, groupId=group5] Revoking previously assigned partitions [test4-0]
2020-05-06 00:24:24.894  INFO 10068 --- [org.springframework.kafka.KafkaListenerEndpointContainer#1-0-C-1] o.s.k.l.KafkaMessageListenerContainer    : group5: partitions revoked: [test4-0]
2020-05-06 00:24:24.894  INFO 10068 --- [org.springframework.kafka.KafkaListenerEndpointContainer#0-0-C-1] o.a.k.c.c.internals.AbstractCoordinator  : [Consumer clientId=consumer-1, groupId=group5] Attempt to heartbeat failed since group is rebalancing
2020-05-06 00:24:24.894  INFO 10068 --- [org.springframework.kafka.KafkaListenerEndpointContainer#1-0-C-1] o.a.k.c.c.internals.AbstractCoordinator  : [Consumer clientId=consumer-2, groupId=group5] (Re-)joining group
2020-05-06 00:24:24.895  INFO 10068 --- [org.springframework.kafka.KafkaListenerEndpointContainer#0-0-C-1] o.a.k.c.c.internals.ConsumerCoordinator  : [Consumer clientId=consumer-1, groupId=group5] Revoking previously assigned partitions []
2020-05-06 00:24:24.895  INFO 10068 --- [org.springframework.kafka.KafkaListenerEndpointContainer#0-0-C-1] o.s.k.l.KafkaMessageListenerContainer    : group5: partitions revoked: []
2020-05-06 00:24:24.895  INFO 10068 --- [org.springframework.kafka.KafkaListenerEndpointContainer#0-0-C-1] o.a.k.c.c.internals.AbstractCoordinator  : [Consumer clientId=consumer-1, groupId=group5] (Re-)joining group
2020-05-06 00:24:24.922  INFO 10068 --- [org.springframework.kafka.KafkaListenerEndpointContainer#0-0-C-1] o.a.k.c.c.internals.AbstractCoordinator  : [Consumer clientId=consumer-1, groupId=group5] Successfully joined group with generation 67
2020-05-06 00:24:24.922  INFO 10068 --- [org.springframework.kafka.KafkaListenerEndpointContainer#1-0-C-1] o.a.k.c.c.internals.AbstractCoordinator  : [Consumer clientId=consumer-2, groupId=group5] Successfully joined group with generation 67
2020-05-06 00:24:24.923  INFO 10068 --- [org.springframework.kafka.KafkaListenerEndpointContainer#0-0-C-1] o.a.k.c.c.internals.ConsumerCoordinator  : [Consumer clientId=consumer-1, groupId=group5] Setting newly assigned partitions: test5-0
2020-05-06 00:24:24.923  INFO 10068 --- [org.springframework.kafka.KafkaListenerEndpointContainer#1-0-C-1] o.a.k.c.c.internals.ConsumerCoordinator  : [Consumer clientId=consumer-2, groupId=group5] Setting newly assigned partitions: test4-0
2020-05-06 00:24:24.925  INFO 10068 --- [org.springframework.kafka.KafkaListenerEndpointContainer#0-0-C-1] o.a.k.c.c.internals.ConsumerCoordinator  : [Consumer clientId=consumer-1, groupId=group5] Setting offset for partition test5-0 to the committed offset FetchPosition{offset=9, offsetEpoch=Optional.empty, currentLeader=LeaderAndEpoch{leader=192.168.2.20:9092 (id: 0 rack: null), epoch=0}}
2020-05-06 00:24:24.925  INFO 10068 --- [org.springframework.kafka.KafkaListenerEndpointContainer#1-0-C-1] o.a.k.c.c.internals.ConsumerCoordinator  : [Consumer clientId=consumer-2, groupId=group5] Setting offset for partition test4-0 to the committed offset FetchPosition{offset=1, offsetEpoch=Optional.empty, currentLeader=LeaderAndEpoch{leader=192.168.2.20:9092 (id: 0 rack: null), epoch=0}}
2020-05-06 00:24:24.927  INFO 10068 --- [org.springframework.kafka.KafkaListenerEndpointContainer#0-0-C-1] o.s.k.l.KafkaMessageListenerContainer    : group5: partitions assigned: [test5-0]
2020-05-06 00:24:24.929  INFO 10068 --- [org.springframework.kafka.KafkaListenerEndpointContainer#1-0-C-1] o.s.k.l.KafkaMessageListenerContainer    : group5: partitions assigned: [test4-0]
2020-05-06 01:16:40.613  INFO 10068 --- [org.springframework.kafka.KafkaListenerEndpointContainer#0-0-C-1] o.a.k.c.c.internals.AbstractCoordinator  : [Consumer clientId=consumer-1, groupId=group5] Attempt to heartbeat failed since group is rebalancing
2020-05-06 01:16:40.616  INFO 10068 --- [org.springframework.kafka.KafkaListenerEndpointContainer#0-0-C-1] o.a.k.c.c.internals.ConsumerCoordinator  : [Consumer clientId=consumer-1, groupId=group5] Revoking previously assigned partitions [test5-0]
2020-05-06 01:16:40.617  INFO 10068 --- [org.springframework.kafka.KafkaListenerEndpointContainer#0-0-C-1] o.s.k.l.KafkaMessageListenerContainer    : group5: partitions revoked: [test5-0]
2020-05-06 01:16:40.617  INFO 10068 --- [org.springframework.kafka.KafkaListenerEndpointContainer#0-0-C-1] o.a.k.c.c.internals.AbstractCoordinator  : [Consumer clientId=consumer-1, groupId=group5] (Re-)joining group
2020-05-06 01:16:40.716  INFO 10068 --- [org.springframework.kafka.KafkaListenerEndpointContainer#1-0-C-1] o.a.k.c.c.internals.AbstractCoordinator  : [Consumer clientId=consumer-2, groupId=group5] Attempt to heartbeat failed since group is rebalancing
2020-05-06 01:16:40.717  INFO 10068 --- [org.springframework.kafka.KafkaListenerEndpointContainer#1-0-C-1] o.a.k.c.c.internals.ConsumerCoordinator  : [Consumer clientId=consumer-2, groupId=group5] Revoking previously assigned partitions [test4-0]
2020-05-06 01:16:40.718  INFO 10068 --- [org.springframework.kafka.KafkaListenerEndpointContainer#1-0-C-1] o.s.k.l.KafkaMessageListenerContainer    : group5: partitions revoked: [test4-0]
2020-05-06 01:16:40.718  INFO 10068 --- [org.springframework.kafka.KafkaListenerEndpointContainer#1-0-C-1] o.a.k.c.c.internals.AbstractCoordinator  : [Consumer clientId=consumer-2, groupId=group5] (Re-)joining group
2020-05-06 01:16:40.729  INFO 10068 --- [org.springframework.kafka.KafkaListenerEndpointContainer#0-0-C-1] o.a.k.c.c.internals.AbstractCoordinator  : [Consumer clientId=consumer-1, groupId=group5] (Re-)joining group
2020-05-06 01:16:40.793  INFO 10068 --- [org.springframework.kafka.KafkaListenerEndpointContainer#1-0-C-1] o.a.k.c.c.internals.AbstractCoordinator  : [Consumer clientId=consumer-2, groupId=group5] (Re-)joining group
2020-05-06 01:16:40.817  INFO 10068 --- [org.springframework.kafka.KafkaListenerEndpointContainer#1-0-C-1] o.a.k.c.c.internals.AbstractCoordinator  : [Consumer clientId=consumer-2, groupId=group5] Successfully joined group with generation 69
2020-05-06 01:16:40.818  INFO 10068 --- [org.springframework.kafka.KafkaListenerEndpointContainer#1-0-C-1] o.a.k.c.c.internals.ConsumerCoordinator  : [Consumer clientId=consumer-2, groupId=group5] Setting newly assigned partitions: test4-0
2020-05-06 01:16:40.825  INFO 10068 --- [org.springframework.kafka.KafkaListenerEndpointContainer#1-0-C-1] o.a.k.c.c.internals.ConsumerCoordinator  : [Consumer clientId=consumer-2, groupId=group5] Setting offset for partition test4-0 to the committed offset FetchPosition{offset=1, offsetEpoch=Optional.empty, currentLeader=LeaderAndEpoch{leader=192.168.2.20:9092 (id: 0 rack: null), epoch=0}}
2020-05-06 01:16:40.830  INFO 10068 --- [org.springframework.kafka.KafkaListenerEndpointContainer#0-0-C-1] o.a.k.c.c.internals.AbstractCoordinator  : [Consumer clientId=consumer-1, groupId=group5] Successfully joined group with generation 69
2020-05-06 01:16:40.835  INFO 10068 --- [org.springframework.kafka.KafkaListenerEndpointContainer#0-0-C-1] o.a.k.c.c.internals.ConsumerCoordinator  : [Consumer clientId=consumer-1, groupId=group5] Setting newly assigned partitions: test5-0
2020-05-06 01:16:40.837  INFO 10068 --- [org.springframework.kafka.KafkaListenerEndpointContainer#0-0-C-1] o.a.k.c.c.internals.ConsumerCoordinator  : [Consumer clientId=consumer-1, groupId=group5] Setting offset for partition test5-0 to the committed offset FetchPosition{offset=9, offsetEpoch=Optional.empty, currentLeader=LeaderAndEpoch{leader=192.168.2.20:9092 (id: 0 rack: null), epoch=0}}
2020-05-06 01:16:40.846  INFO 10068 --- [org.springframework.kafka.KafkaListenerEndpointContainer#0-0-C-1] o.s.k.l.KafkaMessageListenerContainer    : group5: partitions assigned: [test5-0]
2020-05-06 01:16:40.929  INFO 10068 --- [org.springframework.kafka.KafkaListenerEndpointContainer#1-0-C-1] o.s.k.l.KafkaMessageListenerContainer    : group5: partitions assigned: [test4-0]
